2025-09-05 11:29:33,557 INFO o.a.j.u.JMeterUtils: Setting Locale to en_EN
2025-09-05 11:29:33,589 INFO o.a.j.JMeter: Loading user properties from: C:\Program Files\apache-jmeter-5.6.3\bin\user.properties
2025-09-05 11:29:33,589 INFO o.a.j.JMeter: Loading system properties from: C:\Program Files\apache-jmeter-5.6.3\bin\system.properties
2025-09-05 11:29:33,604 INFO o.a.j.JMeter: Copyright (c) 1998-2024 The Apache Software Foundation
2025-09-05 11:29:33,604 INFO o.a.j.JMeter: Version 5.6.3
2025-09-05 11:29:33,604 INFO o.a.j.JMeter: java.version=21.0.8
2025-09-05 11:29:33,604 INFO o.a.j.JMeter: java.vm.name=OpenJDK 64-Bit Server VM
2025-09-05 11:29:33,604 INFO o.a.j.JMeter: os.name=Windows 11
2025-09-05 11:29:33,604 INFO o.a.j.JMeter: os.arch=amd64
2025-09-05 11:29:33,604 INFO o.a.j.JMeter: os.version=10.0
2025-09-05 11:29:33,604 INFO o.a.j.JMeter: file.encoding=UTF-8
2025-09-05 11:29:33,604 INFO o.a.j.JMeter: java.awt.headless=true
2025-09-05 11:29:33,604 INFO o.a.j.JMeter: Max memory     =1073741824
2025-09-05 11:29:33,604 INFO o.a.j.JMeter: Available Processors =8
2025-09-05 11:29:33,636 INFO o.a.j.JMeter: Default Locale=English (EN)
2025-09-05 11:29:33,636 INFO o.a.j.JMeter: JMeter  Locale=English (EN)
2025-09-05 11:29:33,636 INFO o.a.j.JMeter: JMeterHome=C:\Program Files\apache-jmeter-5.6.3
2025-09-05 11:29:33,636 INFO o.a.j.JMeter: user.dir  =C:\project\performance-tests
2025-09-05 11:29:33,636 INFO o.a.j.JMeter: PWD       =C:\project\performance-tests
2025-09-05 11:29:33,638 INFO o.a.j.JMeter: IP: 192.168.1.101 Name: дочь FullName: 192.168.1.101
2025-09-05 11:29:33,661 INFO o.a.j.JMeter: Setting property 'jmeter.reportgenerator.outputdir' to:'C:\project\performance-tests\jmeter\reports'
2025-09-05 11:29:33,663 INFO o.a.j.s.FileServer: Default base='C:\project\performance-tests'
2025-09-05 11:29:33,668 INFO o.a.j.s.FileServer: Set new base='C:\project\performance-tests\jmeter'
2025-09-05 11:29:33,991 INFO o.a.j.s.SaveService: Testplan (JMX) version: 2.2. Testlog (JTL) version: 2.2
2025-09-05 11:29:34,047 INFO o.a.j.s.SaveService: Using SaveService properties version 5.0
2025-09-05 11:29:34,056 INFO o.a.j.s.SaveService: Using SaveService properties file encoding UTF-8
2025-09-05 11:29:34,063 INFO o.a.j.s.SaveService: Loading file: jmeter\users_test.jmx
2025-09-05 11:29:34,144 INFO o.a.j.p.h.s.HTTPSamplerBase: Parser for text/html is org.apache.jmeter.protocol.http.parser.LagartoBasedHtmlParser
2025-09-05 11:29:34,144 INFO o.a.j.p.h.s.HTTPSamplerBase: Parser for application/xhtml+xml is org.apache.jmeter.protocol.http.parser.LagartoBasedHtmlParser
2025-09-05 11:29:34,144 INFO o.a.j.p.h.s.HTTPSamplerBase: Parser for application/xml is org.apache.jmeter.protocol.http.parser.LagartoBasedHtmlParser
2025-09-05 11:29:34,144 INFO o.a.j.p.h.s.HTTPSamplerBase: Parser for text/xml is org.apache.jmeter.protocol.http.parser.LagartoBasedHtmlParser
2025-09-05 11:29:34,144 INFO o.a.j.p.h.s.HTTPSamplerBase: Parser for text/vnd.wap.wml is org.apache.jmeter.protocol.http.parser.RegexpHTMLParser
2025-09-05 11:29:34,144 INFO o.a.j.p.h.s.HTTPSamplerBase: Parser for text/css is org.apache.jmeter.protocol.http.parser.CssParser
2025-09-05 11:29:34,159 INFO o.a.j.JMeter: Creating summariser <summary>
2025-09-05 11:29:34,175 INFO o.a.j.r.d.ReportGenerator: ReportGenerator will use for Parsing the separator: ','
2025-09-05 11:29:34,175 INFO o.a.j.r.d.ReportGenerator: Will generate report at end of test from  results file: jmeter/results.jtl
2025-09-05 11:29:34,175 INFO o.a.j.r.d.ReportGenerator: Reading report generator properties from: C:\Program Files\apache-jmeter-5.6.3\bin\reportgenerator.properties
2025-09-05 11:29:34,175 INFO o.a.j.r.d.ReportGenerator: Merging with JMeter properties
2025-09-05 11:29:34,183 INFO o.a.j.r.c.ReportGeneratorConfiguration: Property 'jmeter.reportgenerator.temp_dir' not found, using default value 'temp' instead.
2025-09-05 11:29:34,185 INFO o.a.j.r.c.ReportGeneratorConfiguration: Property 'jmeter.reportgenerator.apdex_per_transaction' not found, using default value 'null' instead.
2025-09-05 11:29:34,185 INFO o.a.j.r.c.ReportGeneratorConfiguration: apdex_per_transaction is empty, not APDEX per transaction customization
2025-09-05 11:29:34,185 INFO o.a.j.r.c.ReportGeneratorConfiguration: Property 'jmeter.reportgenerator.sample_filter' not found, using default value 'null' instead.
2025-09-05 11:29:34,185 INFO o.a.j.r.c.ReportGeneratorConfiguration: Property 'jmeter.reportgenerator.report_title' not found, using default value 'null' instead.
2025-09-05 11:29:34,185 INFO o.a.j.r.c.ReportGeneratorConfiguration: Property 'jmeter.reportgenerator.start_date' not found, using default value 'null' instead.
2025-09-05 11:29:34,185 INFO o.a.j.r.c.ReportGeneratorConfiguration: Property 'jmeter.reportgenerator.end_date' not found, using default value 'null' instead.
2025-09-05 11:29:34,185 INFO o.a.j.r.c.ReportGeneratorConfiguration: Property 'jmeter.reportgenerator.date_format' not found, using default value 'null' instead.
2025-09-05 11:29:34,187 INFO o.a.j.r.c.ReportGeneratorConfiguration: Will use date range start date: null, end date: null
2025-09-05 11:29:34,189 INFO o.a.j.r.c.ReportGeneratorConfiguration: Property 'jmeter.reportgenerator.graph.totalTPS.exclude_controllers' not found, using default value 'false' instead.
2025-09-05 11:29:34,189 INFO o.a.j.r.c.ReportGeneratorConfiguration: Property 'jmeter.reportgenerator.graph.activeThreadsOverTime.exclude_controllers' not found, using default value 'false' instead.
2025-09-05 11:29:34,189 INFO o.a.j.r.c.ReportGeneratorConfiguration: Property 'jmeter.reportgenerator.graph.timeVsThreads.exclude_controllers' not found, using default value 'false' instead.
2025-09-05 11:29:34,193 INFO o.a.j.r.c.ReportGeneratorConfiguration: Property 'jmeter.reportgenerator.graph.responseTimeDistribution.exclude_controllers' not found, using default value 'false' instead.
2025-09-05 11:29:34,193 INFO o.a.j.r.c.ReportGeneratorConfiguration: Property 'jmeter.reportgenerator.graph.transactionsPerSecond.exclude_controllers' not found, using default value 'false' instead.
2025-09-05 11:29:34,193 INFO o.a.j.r.c.ReportGeneratorConfiguration: Property 'jmeter.reportgenerator.graph.responseTimePercentiles.exclude_controllers' not found, using default value 'false' instead.
2025-09-05 11:29:34,193 INFO o.a.j.r.c.ReportGeneratorConfiguration: Property 'jmeter.reportgenerator.graph.responseTimePercentilesOverTime.exclude_controllers' not found, using default value 'false' instead.
2025-09-05 11:29:34,193 INFO o.a.j.r.c.ReportGeneratorConfiguration: Property 'jmeter.reportgenerator.graph.responseTimesOverTime.exclude_controllers' not found, using default value 'false' instead.
2025-09-05 11:29:34,193 INFO o.a.j.r.c.ReportGeneratorConfiguration: Property 'jmeter.reportgenerator.graph.connectTimeOverTime.exclude_controllers' not found, using default value 'false' instead.
2025-09-05 11:29:34,193 INFO o.a.j.r.c.ReportGeneratorConfiguration: Property 'jmeter.reportgenerator.graph.latenciesOverTime.exclude_controllers' not found, using default value 'false' instead.
2025-09-05 11:29:34,195 INFO o.a.j.r.c.ReportGeneratorConfiguration: Property 'jmeter.reportgenerator.exporter.json.filters_only_sample_series' not found, using default value 'true' instead.
2025-09-05 11:29:34,195 INFO o.a.j.r.c.ReportGeneratorConfiguration: Property 'jmeter.reportgenerator.exporter.json.series_filter' not found, using default value '' instead.
2025-09-05 11:29:34,195 INFO o.a.j.r.c.ReportGeneratorConfiguration: Property 'jmeter.reportgenerator.exporter.json.show_controllers_only' not found, using default value 'false' instead.
2025-09-05 11:29:34,195 INFO o.a.j.r.c.ReportGeneratorConfiguration: Property 'jmeter.reportgenerator.exporter.html.filters_only_sample_series' not found, using default value 'true' instead.
2025-09-05 11:29:34,195 INFO o.a.j.r.c.ReportGeneratorConfiguration: Property 'jmeter.reportgenerator.exporter.html.series_filter' not found, using default value '' instead.
2025-09-05 11:29:34,195 INFO o.a.j.r.c.ReportGeneratorConfiguration: Property 'jmeter.reportgenerator.exporter.html.show_controllers_only' not found, using default value 'false' instead.
2025-09-05 11:29:34,215 INFO o.a.j.e.StandardJMeterEngine: Running the test!
2025-09-05 11:29:34,215 INFO o.a.j.s.SampleEvent: List of sample_variables: []
2025-09-05 11:29:34,215 INFO o.a.j.s.SampleEvent: List of sample_variables: []
2025-09-05 11:29:34,223 INFO o.a.j.e.u.CompoundVariable: Note: Function class names must contain the string: '.functions.'
2025-09-05 11:29:34,223 INFO o.a.j.e.u.CompoundVariable: Note: Function class names must not contain the string: '.gui.'
2025-09-05 11:29:34,393 INFO o.a.j.JMeter: Running test (1757060974393)
2025-09-05 11:29:34,428 INFO o.a.j.e.StandardJMeterEngine: Starting ThreadGroup: 1 : Users Thread Group
2025-09-05 11:29:34,428 INFO o.a.j.e.StandardJMeterEngine: Starting 50 threads for group Users Thread Group.
2025-09-05 11:29:34,428 INFO o.a.j.e.StandardJMeterEngine: Thread will continue on error
2025-09-05 11:29:34,428 INFO o.a.j.t.ThreadGroup: Starting thread group... number=1 threads=50 ramp-up=10 delayedStart=false
2025-09-05 11:29:34,445 INFO o.a.j.t.JMeterThread: Thread started: Users Thread Group 1-1
2025-09-05 11:29:34,469 INFO o.a.j.t.ThreadGroup: Started thread group number 1
2025-09-05 11:29:34,470 INFO o.a.j.e.StandardJMeterEngine: All thread groups have been started
2025-09-05 11:29:34,488 INFO o.a.j.p.h.s.HTTPHCAbstractImpl: Local host = дочь
2025-09-05 11:29:34,504 INFO o.a.j.p.h.s.HTTPHC4Impl: HTTP request retry count = 0
2025-09-05 11:29:34,508 INFO o.a.j.s.SampleResult: Note: Sample TimeStamps are START times
2025-09-05 11:29:34,508 INFO o.a.j.s.SampleResult: sampleresult.default.encoding is set to UTF-8
2025-09-05 11:29:34,508 INFO o.a.j.s.SampleResult: sampleresult.useNanoTime=true
2025-09-05 11:29:34,509 INFO o.a.j.s.SampleResult: sampleresult.nanoThreadSleep=5000
2025-09-05 11:29:34,646 INFO o.a.j.t.JMeterThread: Thread started: Users Thread Group 1-2
2025-09-05 11:29:34,758 INFO o.a.j.p.h.s.h.LazyLayeredConnectionSocketFactory: Setting up HTTPS TrustAll Socket Factory
2025-09-05 11:29:34,772 INFO o.a.j.u.JsseSSLManager: Using default SSL protocol: TLS
2025-09-05 11:29:34,773 INFO o.a.j.u.JsseSSLManager: SSL session context: per-thread
2025-09-05 11:29:34,846 INFO o.a.j.t.JMeterThread: Thread started: Users Thread Group 1-3
2025-09-05 11:29:35,003 INFO o.a.j.u.SSLManager: JmeterKeyStore Location:  type JKS
2025-09-05 11:29:35,016 INFO o.a.j.u.SSLManager: KeyStore created OK
2025-09-05 11:29:35,016 WARN o.a.j.u.SSLManager: Keystore file not found, loading empty keystore
2025-09-05 11:29:35,034 INFO o.a.j.t.JMeterThread: Thread started: Users Thread Group 1-4
2025-09-05 11:29:35,234 INFO o.a.j.t.JMeterThread: Thread started: Users Thread Group 1-5
2025-09-05 11:29:35,434 INFO o.a.j.t.JMeterThread: Thread started: Users Thread Group 1-6
2025-09-05 11:29:35,632 INFO o.a.j.t.JMeterThread: Thread started: Users Thread Group 1-7
2025-09-05 11:29:35,718 INFO o.a.j.r.Summariser: summary +      1 in 00:00:01 =    0.8/s Avg:   670 Min:   670 Max:   670 Err:     0 (0.00%) Active: 7 Started: 7 Finished: 0
2025-09-05 11:29:35,829 INFO o.a.j.t.JMeterThread: Thread started: Users Thread Group 1-8
2025-09-05 11:29:36,029 INFO o.a.j.t.JMeterThread: Thread started: Users Thread Group 1-9
2025-09-05 11:29:36,231 INFO o.a.j.t.JMeterThread: Thread started: Users Thread Group 1-10
2025-09-05 11:29:36,438 INFO o.a.j.t.JMeterThread: Thread started: Users Thread Group 1-11
2025-09-05 11:29:36,629 INFO o.a.j.t.JMeterThread: Thread started: Users Thread Group 1-12
2025-09-05 11:29:36,829 INFO o.a.j.t.JMeterThread: Thread started: Users Thread Group 1-13
2025-09-05 11:29:37,029 INFO o.a.j.t.JMeterThread: Thread started: Users Thread Group 1-14
2025-09-05 11:29:37,231 INFO o.a.j.t.JMeterThread: Thread started: Users Thread Group 1-15
2025-09-05 11:29:37,429 INFO o.a.j.t.JMeterThread: Thread started: Users Thread Group 1-16
2025-09-05 11:29:37,631 INFO o.a.j.t.JMeterThread: Thread started: Users Thread Group 1-17
2025-09-05 11:29:37,831 INFO o.a.j.t.JMeterThread: Thread started: Users Thread Group 1-18
2025-09-05 11:29:38,030 INFO o.a.j.t.JMeterThread: Thread started: Users Thread Group 1-19
2025-09-05 11:29:38,231 INFO o.a.j.t.JMeterThread: Thread started: Users Thread Group 1-20
2025-09-05 11:29:38,431 INFO o.a.j.t.JMeterThread: Thread started: Users Thread Group 1-21
2025-09-05 11:29:38,642 INFO o.a.j.t.JMeterThread: Thread started: Users Thread Group 1-22
2025-09-05 11:29:38,834 INFO o.a.j.t.JMeterThread: Thread started: Users Thread Group 1-23
2025-09-05 11:29:39,030 INFO o.a.j.t.JMeterThread: Thread started: Users Thread Group 1-24
2025-09-05 11:29:39,232 INFO o.a.j.t.JMeterThread: Thread started: Users Thread Group 1-25
2025-09-05 11:29:39,443 INFO o.a.j.t.JMeterThread: Thread started: Users Thread Group 1-26
2025-09-05 11:29:39,632 INFO o.a.j.t.JMeterThread: Thread started: Users Thread Group 1-27
2025-09-05 11:29:39,830 INFO o.a.j.t.JMeterThread: Thread started: Users Thread Group 1-28
2025-09-05 11:29:40,030 INFO o.a.j.t.JMeterThread: Thread started: Users Thread Group 1-29
2025-09-05 11:29:40,231 INFO o.a.j.t.JMeterThread: Thread started: Users Thread Group 1-30
2025-09-05 11:29:40,430 INFO o.a.j.t.JMeterThread: Thread started: Users Thread Group 1-31
2025-09-05 11:29:40,631 INFO o.a.j.t.JMeterThread: Thread started: Users Thread Group 1-32
2025-09-05 11:29:40,831 INFO o.a.j.t.JMeterThread: Thread started: Users Thread Group 1-33
2025-09-05 11:29:41,030 INFO o.a.j.t.JMeterThread: Thread started: Users Thread Group 1-34
2025-09-05 11:29:41,230 INFO o.a.j.t.JMeterThread: Thread started: Users Thread Group 1-35
2025-09-05 11:29:41,430 INFO o.a.j.t.JMeterThread: Thread started: Users Thread Group 1-36
2025-09-05 11:29:41,629 INFO o.a.j.t.JMeterThread: Thread started: Users Thread Group 1-37
2025-09-05 11:29:41,829 INFO o.a.j.t.JMeterThread: Thread started: Users Thread Group 1-38
2025-09-05 11:29:42,030 INFO o.a.j.t.JMeterThread: Thread started: Users Thread Group 1-39
2025-09-05 11:29:42,229 INFO o.a.j.t.JMeterThread: Thread started: Users Thread Group 1-40
2025-09-05 11:29:42,430 INFO o.a.j.t.JMeterThread: Thread started: Users Thread Group 1-41
2025-09-05 11:29:42,630 INFO o.a.j.t.JMeterThread: Thread started: Users Thread Group 1-42
2025-09-05 11:29:42,830 INFO o.a.j.t.JMeterThread: Thread started: Users Thread Group 1-43
2025-09-05 11:29:43,029 INFO o.a.j.t.JMeterThread: Thread started: Users Thread Group 1-44
2025-09-05 11:29:43,230 INFO o.a.j.t.JMeterThread: Thread started: Users Thread Group 1-45
2025-09-05 11:29:43,431 INFO o.a.j.t.JMeterThread: Thread started: Users Thread Group 1-46
2025-09-05 11:29:43,640 INFO o.a.j.t.JMeterThread: Thread started: Users Thread Group 1-47
2025-09-05 11:29:43,831 INFO o.a.j.t.JMeterThread: Thread started: Users Thread Group 1-48
2025-09-05 11:29:44,030 INFO o.a.j.t.JMeterThread: Thread started: Users Thread Group 1-49
2025-09-05 11:29:44,238 INFO o.a.j.t.JMeterThread: Thread started: Users Thread Group 1-50
2025-09-05 11:30:00,025 INFO o.a.j.r.Summariser: summary +   7010 in 00:00:24 =  288.3/s Avg:   118 Min:    29 Max: 15116 Err:  6005 (85.66%) Active: 50 Started: 50 Finished: 0
2025-09-05 11:30:00,025 INFO o.a.j.r.Summariser: summary =   7011 in 00:00:26 =  273.5/s Avg:   118 Min:    29 Max: 15116 Err:  6005 (85.65%)
2025-09-05 11:30:30,028 INFO o.a.j.r.Summariser: summary +   1658 in 00:00:30 =   55.3/s Avg:   919 Min:    79 Max: 21256 Err:  1658 (100.00%) Active: 50 Started: 50 Finished: 0
2025-09-05 11:30:30,028 INFO o.a.j.r.Summariser: summary =   8669 in 00:00:56 =  155.8/s Avg:   272 Min:    29 Max: 21256 Err:  7663 (88.40%)
2025-09-05 11:30:34,451 INFO o.a.j.t.JMeterThread: Stopping because end time detected by thread: Users Thread Group 1-13
2025-09-05 11:30:34,451 INFO o.a.j.t.JMeterThread: Thread finished: Users Thread Group 1-13
2025-09-05 11:30:34,483 INFO o.a.j.t.JMeterThread: Stopping because end time detected by thread: Users Thread Group 1-49
2025-09-05 11:30:34,483 INFO o.a.j.t.JMeterThread: Stopping because end time detected by thread: Users Thread Group 1-39
2025-09-05 11:30:34,483 INFO o.a.j.t.JMeterThread: Thread finished: Users Thread Group 1-39
2025-09-05 11:30:34,483 INFO o.a.j.t.JMeterThread: Thread finished: Users Thread Group 1-49
2025-09-05 11:30:34,514 INFO o.a.j.t.JMeterThread: Stopping because end time detected by thread: Users Thread Group 1-26
2025-09-05 11:30:34,514 INFO o.a.j.t.JMeterThread: Stopping because end time detected by thread: Users Thread Group 1-21
2025-09-05 11:30:34,514 INFO o.a.j.t.JMeterThread: Thread finished: Users Thread Group 1-26
2025-09-05 11:30:34,514 INFO o.a.j.t.JMeterThread: Thread finished: Users Thread Group 1-21
2025-09-05 11:30:34,530 INFO o.a.j.t.JMeterThread: Stopping because end time detected by thread: Users Thread Group 1-42
2025-09-05 11:30:34,530 INFO o.a.j.t.JMeterThread: Thread finished: Users Thread Group 1-42
2025-09-05 11:30:34,578 INFO o.a.j.t.JMeterThread: Stopping because end time detected by thread: Users Thread Group 1-28
2025-09-05 11:30:34,578 INFO o.a.j.t.JMeterThread: Thread finished: Users Thread Group 1-28
2025-09-05 11:30:34,594 INFO o.a.j.t.JMeterThread: Stopping because end time detected by thread: Users Thread Group 1-19
2025-09-05 11:30:34,594 INFO o.a.j.t.JMeterThread: Thread finished: Users Thread Group 1-19
2025-09-05 11:30:34,689 INFO o.a.j.t.JMeterThread: Stopping because end time detected by thread: Users Thread Group 1-1
2025-09-05 11:30:34,689 INFO o.a.j.t.JMeterThread: Thread finished: Users Thread Group 1-1
2025-09-05 11:30:34,721 INFO o.a.j.t.JMeterThread: Stopping because end time detected by thread: Users Thread Group 1-40
2025-09-05 11:30:34,721 INFO o.a.j.t.JMeterThread: Thread finished: Users Thread Group 1-40
2025-09-05 11:30:34,752 INFO o.a.j.t.JMeterThread: Stopping because end time detected by thread: Users Thread Group 1-22
2025-09-05 11:30:34,752 INFO o.a.j.t.JMeterThread: Thread finished: Users Thread Group 1-22
2025-09-05 11:30:34,864 INFO o.a.j.t.JMeterThread: Stopping because end time detected by thread: Users Thread Group 1-12
2025-09-05 11:30:34,864 INFO o.a.j.t.JMeterThread: Stopping because end time detected by thread: Users Thread Group 1-47
2025-09-05 11:30:34,864 INFO o.a.j.t.JMeterThread: Thread finished: Users Thread Group 1-12
2025-09-05 11:30:34,864 INFO o.a.j.t.JMeterThread: Thread finished: Users Thread Group 1-47
2025-09-05 11:30:34,914 INFO o.a.j.t.JMeterThread: Stopping because end time detected by thread: Users Thread Group 1-24
2025-09-05 11:30:34,914 INFO o.a.j.t.JMeterThread: Thread finished: Users Thread Group 1-24
2025-09-05 11:30:34,927 INFO o.a.j.t.JMeterThread: Stopping because end time detected by thread: Users Thread Group 1-36
2025-09-05 11:30:34,927 INFO o.a.j.t.JMeterThread: Thread finished: Users Thread Group 1-36
2025-09-05 11:30:34,943 INFO o.a.j.t.JMeterThread: Stopping because end time detected by thread: Users Thread Group 1-38
2025-09-05 11:30:34,943 INFO o.a.j.t.JMeterThread: Stopping because end time detected by thread: Users Thread Group 1-8
2025-09-05 11:30:34,943 INFO o.a.j.t.JMeterThread: Thread finished: Users Thread Group 1-38
2025-09-05 11:30:34,943 INFO o.a.j.t.JMeterThread: Thread finished: Users Thread Group 1-8
2025-09-05 11:30:34,991 INFO o.a.j.t.JMeterThread: Stopping because end time detected by thread: Users Thread Group 1-23
2025-09-05 11:30:34,991 INFO o.a.j.t.JMeterThread: Thread finished: Users Thread Group 1-23
2025-09-05 11:30:35,070 INFO o.a.j.t.JMeterThread: Stopping because end time detected by thread: Users Thread Group 1-46
2025-09-05 11:30:35,070 INFO o.a.j.t.JMeterThread: Thread finished: Users Thread Group 1-46
2025-09-05 11:30:35,143 INFO o.a.j.t.JMeterThread: Stopping because end time detected by thread: Users Thread Group 1-17
2025-09-05 11:30:35,143 INFO o.a.j.t.JMeterThread: Thread finished: Users Thread Group 1-17
2025-09-05 11:30:35,180 INFO o.a.j.t.JMeterThread: Stopping because end time detected by thread: Users Thread Group 1-50
2025-09-05 11:30:35,180 INFO o.a.j.t.JMeterThread: Thread finished: Users Thread Group 1-50
2025-09-05 11:30:35,180 INFO o.a.j.t.JMeterThread: Stopping because end time detected by thread: Users Thread Group 1-30
2025-09-05 11:30:35,180 INFO o.a.j.t.JMeterThread: Thread finished: Users Thread Group 1-30
2025-09-05 11:30:35,244 INFO o.a.j.t.JMeterThread: Stopping because end time detected by thread: Users Thread Group 1-15
2025-09-05 11:30:35,244 INFO o.a.j.t.JMeterThread: Thread finished: Users Thread Group 1-15
2025-09-05 11:30:35,344 INFO o.a.j.t.JMeterThread: Stopping because end time detected by thread: Users Thread Group 1-2
2025-09-05 11:30:35,344 INFO o.a.j.t.JMeterThread: Thread finished: Users Thread Group 1-2
2025-09-05 11:30:35,499 INFO o.a.j.t.JMeterThread: Stopping because end time detected by thread: Users Thread Group 1-25
2025-09-05 11:30:35,499 INFO o.a.j.t.JMeterThread: Thread finished: Users Thread Group 1-25
2025-09-05 11:30:35,537 INFO o.a.j.t.JMeterThread: Stopping because end time detected by thread: Users Thread Group 1-45
2025-09-05 11:30:35,537 INFO o.a.j.t.JMeterThread: Thread finished: Users Thread Group 1-45
2025-09-05 11:30:35,704 INFO o.a.j.t.JMeterThread: Stopping because end time detected by thread: Users Thread Group 1-27
2025-09-05 11:30:35,704 INFO o.a.j.t.JMeterThread: Stopping because end time detected by thread: Users Thread Group 1-41
2025-09-05 11:30:35,704 INFO o.a.j.t.JMeterThread: Thread finished: Users Thread Group 1-27
2025-09-05 11:30:35,704 INFO o.a.j.t.JMeterThread: Thread finished: Users Thread Group 1-41
2025-09-05 11:30:35,783 INFO o.a.j.t.JMeterThread: Stopping because end time detected by thread: Users Thread Group 1-37
2025-09-05 11:30:35,783 INFO o.a.j.t.JMeterThread: Thread finished: Users Thread Group 1-37
2025-09-05 11:30:35,880 INFO o.a.j.t.JMeterThread: Stopping because end time detected by thread: Users Thread Group 1-4
2025-09-05 11:30:35,880 INFO o.a.j.t.JMeterThread: Thread finished: Users Thread Group 1-4
2025-09-05 11:30:36,449 INFO o.a.j.t.JMeterThread: Stopping because end time detected by thread: Users Thread Group 1-34
2025-09-05 11:30:36,449 INFO o.a.j.t.JMeterThread: Thread finished: Users Thread Group 1-34
2025-09-05 11:30:36,513 INFO o.a.j.t.JMeterThread: Stopping because end time detected by thread: Users Thread Group 1-18
2025-09-05 11:30:36,513 INFO o.a.j.t.JMeterThread: Thread finished: Users Thread Group 1-18
2025-09-05 11:30:36,545 INFO o.a.j.t.JMeterThread: Stopping because end time detected by thread: Users Thread Group 1-5
2025-09-05 11:30:36,545 INFO o.a.j.t.JMeterThread: Thread finished: Users Thread Group 1-5
2025-09-05 11:30:36,831 INFO o.a.j.t.JMeterThread: Stopping because end time detected by thread: Users Thread Group 1-6
2025-09-05 11:30:36,831 INFO o.a.j.t.JMeterThread: Thread finished: Users Thread Group 1-6
2025-09-05 11:30:37,278 INFO o.a.j.t.JMeterThread: Stopping because end time detected by thread: Users Thread Group 1-16
2025-09-05 11:30:37,278 INFO o.a.j.t.JMeterThread: Thread finished: Users Thread Group 1-16
2025-09-05 11:30:37,308 INFO o.a.j.t.JMeterThread: Stopping because end time detected by thread: Users Thread Group 1-14
2025-09-05 11:30:37,309 INFO o.a.j.t.JMeterThread: Thread finished: Users Thread Group 1-14
2025-09-05 11:30:37,375 INFO o.a.j.t.JMeterThread: Stopping because end time detected by thread: Users Thread Group 1-7
2025-09-05 11:30:37,375 INFO o.a.j.t.JMeterThread: Thread finished: Users Thread Group 1-7
2025-09-05 11:30:37,375 INFO o.a.j.t.JMeterThread: Stopping because end time detected by thread: Users Thread Group 1-3
2025-09-05 11:30:37,375 INFO o.a.j.t.JMeterThread: Thread finished: Users Thread Group 1-3
2025-09-05 11:30:37,598 INFO o.a.j.t.JMeterThread: Stopping because end time detected by thread: Users Thread Group 1-31
2025-09-05 11:30:37,598 INFO o.a.j.t.JMeterThread: Thread finished: Users Thread Group 1-31
2025-09-05 11:30:38,217 INFO o.a.j.t.JMeterThread: Stopping because end time detected by thread: Users Thread Group 1-11
2025-09-05 11:30:38,217 INFO o.a.j.t.JMeterThread: Thread finished: Users Thread Group 1-11
2025-09-05 11:30:38,534 INFO o.a.j.t.JMeterThread: Stopping because end time detected by thread: Users Thread Group 1-43
2025-09-05 11:30:38,534 INFO o.a.j.t.JMeterThread: Thread finished: Users Thread Group 1-43
2025-09-05 11:30:38,806 INFO o.a.j.t.JMeterThread: Stopping because end time detected by thread: Users Thread Group 1-35
2025-09-05 11:30:38,806 INFO o.a.j.t.JMeterThread: Thread finished: Users Thread Group 1-35
2025-09-05 11:30:39,829 INFO o.a.j.t.JMeterThread: Stopping because end time detected by thread: Users Thread Group 1-10
2025-09-05 11:30:39,829 INFO o.a.j.t.JMeterThread: Thread finished: Users Thread Group 1-10
2025-09-05 11:30:40,355 INFO o.a.j.t.JMeterThread: Stopping because end time detected by thread: Users Thread Group 1-9
2025-09-05 11:30:40,355 INFO o.a.j.t.JMeterThread: Thread finished: Users Thread Group 1-9
2025-09-05 11:30:40,770 INFO o.a.j.t.JMeterThread: Stopping because end time detected by thread: Users Thread Group 1-48
2025-09-05 11:30:40,770 INFO o.a.j.t.JMeterThread: Thread finished: Users Thread Group 1-48
2025-09-05 11:30:41,486 INFO o.a.j.t.JMeterThread: Stopping because end time detected by thread: Users Thread Group 1-32
2025-09-05 11:30:41,486 INFO o.a.j.t.JMeterThread: Thread finished: Users Thread Group 1-32
2025-09-05 11:30:49,516 INFO o.a.j.t.JMeterThread: Stopping because end time detected by thread: Users Thread Group 1-20
2025-09-05 11:30:49,518 INFO o.a.j.t.JMeterThread: Thread finished: Users Thread Group 1-20
2025-09-05 11:30:50,393 INFO o.a.j.t.JMeterThread: Stopping because end time detected by thread: Users Thread Group 1-33
2025-09-05 11:30:50,393 INFO o.a.j.t.JMeterThread: Thread finished: Users Thread Group 1-33
2025-09-05 11:30:52,906 INFO o.a.j.t.JMeterThread: Stopping because end time detected by thread: Users Thread Group 1-44
2025-09-05 11:30:52,906 INFO o.a.j.t.JMeterThread: Thread finished: Users Thread Group 1-44
2025-09-05 11:30:52,985 INFO o.a.j.t.JMeterThread: Stopping because end time detected by thread: Users Thread Group 1-29
2025-09-05 11:30:52,985 INFO o.a.j.t.JMeterThread: Thread finished: Users Thread Group 1-29
2025-09-05 11:30:52,985 INFO o.a.j.e.StandardJMeterEngine: Notifying test listeners of end of test
2025-09-05 11:30:52,985 INFO o.a.j.r.Summariser: summary +    328 in 00:00:23 =   14.3/s Avg:  1644 Min:    79 Max: 21221 Err:   328 (100.00%) Active: 0 Started: 50 Finished: 50
2025-09-05 11:30:52,985 INFO o.a.j.r.Summariser: summary =   8997 in 00:01:19 =  114.5/s Avg:   322 Min:    29 Max: 21256 Err:  7991 (88.82%)
2025-09-05 11:30:53,001 INFO o.a.j.JMeter: Generating Dashboard
2025-09-05 11:30:53,001 INFO o.a.j.r.d.ReportGenerator: Flushing result collector before report Generation
2025-09-05 11:30:53,017 INFO o.a.j.r.p.NormalizerSampleConsumer: Using format, 'ms', to parse timeStamp field
2025-09-05 11:30:53,780 INFO o.a.j.r.p.AbstractSampleConsumer: class org.apache.jmeter.report.processor.AggregateConsumer#stopProducing(): beginDate produced 0 samples
2025-09-05 11:30:53,780 INFO o.a.j.r.p.AbstractSampleConsumer: class org.apache.jmeter.report.processor.AggregateConsumer#stopProducing(): endDate produced 0 samples
2025-09-05 11:30:53,795 INFO o.a.j.r.p.AbstractSampleConsumer: class org.apache.jmeter.report.processor.ApdexSummaryConsumer#stopProducing(): apdexSummary produced 0 samples
2025-09-05 11:30:53,795 INFO o.a.j.r.p.AbstractSampleConsumer: class org.apache.jmeter.report.processor.RequestsSummaryConsumer#stopProducing(): requestsSummary produced 0 samples
2025-09-05 11:30:53,811 INFO o.a.j.r.p.AbstractSampleConsumer: class org.apache.jmeter.report.processor.StatisticsSummaryConsumer#stopProducing(): statisticsSummary produced 0 samples
2025-09-05 11:30:53,811 INFO o.a.j.r.p.AbstractSampleConsumer: class org.apache.jmeter.report.processor.Top5ErrorsBySamplerConsumer#stopProducing(): top5ErrorsBySampler produced 0 samples
2025-09-05 11:30:53,811 INFO o.a.j.r.p.AbstractSampleConsumer: class org.apache.jmeter.report.processor.ErrorsSummaryConsumer#stopProducing(): errorsSummary produced 0 samples
2025-09-05 11:30:53,811 INFO o.a.j.r.p.AbstractSampleConsumer: class org.apache.jmeter.report.processor.graph.impl.HitsPerSecondGraphConsumer#stopProducing(): hitsPerSecond produced 0 samples
2025-09-05 11:30:53,985 INFO o.a.j.r.p.AbstractSampleConsumer: class org.apache.jmeter.report.processor.graph.impl.LatencyVSRequestGraphConsumer#stopProducing(): latencyVsRequest produced 0 samples
2025-09-05 11:30:53,987 INFO o.a.j.r.p.AbstractSampleConsumer: class org.apache.jmeter.report.processor.graph.impl.SyntheticResponseTimeDistributionGraphConsumer#stopProducing(): syntheticResponseTimeDistribution produced 0 samples
2025-09-05 11:30:53,990 INFO o.a.j.r.p.AbstractSampleConsumer: class org.apache.jmeter.report.processor.graph.impl.BytesThroughputGraphConsumer#stopProducing(): bytesThroughputOverTime produced 0 samples
2025-09-05 11:30:53,990 INFO o.a.j.r.p.AbstractSampleConsumer: class org.apache.jmeter.report.processor.graph.impl.CodesPerSecondGraphConsumer#stopProducing(): codesPerSecond produced 0 samples
2025-09-05 11:30:54,129 INFO o.a.j.r.p.AbstractSampleConsumer: class org.apache.jmeter.report.processor.graph.impl.ResponseTimeVSRequestGraphConsumer#stopProducing(): responseTimeVsRequest produced 0 samples
2025-09-05 11:30:54,129 INFO o.a.j.r.p.AbstractSampleConsumer: class org.apache.jmeter.report.processor.FilterConsumer#stopProducing(): startIntervalControlerFilter produced 62979 samples
2025-09-05 11:30:54,144 INFO o.a.j.r.p.AbstractSampleConsumer: class org.apache.jmeter.report.processor.graph.impl.TotalTPSGraphConsumer#stopProducing(): totalTPS produced 0 samples
2025-09-05 11:30:54,144 INFO o.a.j.r.p.AbstractSampleConsumer: class org.apache.jmeter.report.processor.graph.impl.ActiveThreadsGraphConsumer#stopProducing(): activeThreadsOverTime produced 0 samples
2025-09-05 11:30:54,144 INFO o.a.j.r.p.AbstractSampleConsumer: class org.apache.jmeter.report.processor.graph.impl.TimeVSThreadGraphConsumer#stopProducing(): timeVsThreads produced 0 samples
2025-09-05 11:30:54,144 INFO o.a.j.r.p.AbstractSampleConsumer: class org.apache.jmeter.report.processor.graph.impl.ResponseTimeDistributionGraphConsumer#stopProducing(): responseTimeDistribution produced 0 samples
2025-09-05 11:30:54,144 INFO o.a.j.r.p.AbstractSampleConsumer: class org.apache.jmeter.report.processor.graph.impl.TransactionsPerSecondGraphConsumer#stopProducing(): transactionsPerSecond produced 0 samples
2025-09-05 11:30:54,144 INFO o.a.j.r.p.AbstractSampleConsumer: class org.apache.jmeter.report.processor.graph.impl.ResponseTimePercentilesGraphConsumer#stopProducing(): responseTimePercentiles produced 0 samples
2025-09-05 11:30:54,144 INFO o.a.j.r.p.AbstractSampleConsumer: class org.apache.jmeter.report.processor.graph.impl.ResponseTimePercentilesOverTimeGraphConsumer#stopProducing(): responseTimePercentilesOverTime produced 0 samples
2025-09-05 11:30:54,144 INFO o.a.j.r.p.AbstractSampleConsumer: class org.apache.jmeter.report.processor.graph.impl.ResponseTimeOverTimeGraphConsumer#stopProducing(): responseTimesOverTime produced 0 samples
2025-09-05 11:30:54,144 INFO o.a.j.r.p.AbstractSampleConsumer: class org.apache.jmeter.report.processor.graph.impl.ConnectTimeOverTimeGraphConsumer#stopProducing(): connectTimeOverTime produced 0 samples
2025-09-05 11:30:54,144 INFO o.a.j.r.p.AbstractSampleConsumer: class org.apache.jmeter.report.processor.graph.impl.LatencyOverTimeGraphConsumer#stopProducing(): latenciesOverTime produced 0 samples
2025-09-05 11:30:54,144 INFO o.a.j.r.p.AbstractSampleConsumer: class org.apache.jmeter.report.processor.FilterConsumer#stopProducing(): nameFilter produced 134955 samples
2025-09-05 11:30:54,144 INFO o.a.j.r.p.AbstractSampleConsumer: class org.apache.jmeter.report.processor.FilterConsumer#stopProducing(): dateRangeFilter produced 26991 samples
2025-09-05 11:30:54,144 INFO o.a.j.r.p.AbstractSampleConsumer: class org.apache.jmeter.report.processor.NormalizerSampleConsumer#stopProducing(): normalizer produced 8997 samples
2025-09-05 11:30:54,144 INFO o.a.j.r.p.CsvFileSampleSource: produce(): 8997 samples produced in 1s 64 ms on channel 0
2025-09-05 11:30:54,144 INFO o.a.j.r.d.ReportGenerator: Exporting data using exporter:'json' of className:'org.apache.jmeter.report.dashboard.JsonExporter'
2025-09-05 11:30:54,413 INFO o.a.j.r.d.JsonExporter: Found data for consumer statisticsSummary in context
2025-09-05 11:30:54,413 INFO o.a.j.r.d.JsonExporter: Creating statistics for overall
2025-09-05 11:30:54,416 INFO o.a.j.r.d.JsonExporter: Creating statistics for other transactions
2025-09-05 11:30:54,416 INFO o.a.j.r.d.JsonExporter: Checking output folder
2025-09-05 11:30:54,418 INFO o.a.j.r.d.JsonExporter: Writing statistics JSON to C:\project\performance-tests\jmeter\reports\statistics.json
2025-09-05 11:30:54,519 INFO o.a.j.r.d.ReportGenerator: Exporting data using exporter:'html' of className:'org.apache.jmeter.report.dashboard.HtmlTemplateExporter'
2025-09-05 11:30:54,531 INFO o.a.j.r.d.HtmlTemplateExporter: Will generate dashboard in folder: C:\project\performance-tests\jmeter\reports
2025-09-05 11:30:54,794 INFO o.a.j.r.d.HtmlTemplateExporter: Report will be generated in: C:\project\performance-tests\jmeter\reports, creating folder structure
2025-09-05 11:30:54,810 INFO o.a.j.r.d.TemplateVisitor: Copying folder from 'C:\Program Files\apache-jmeter-5.6.3\bin\report-template' to 'C:\project\performance-tests\jmeter\reports', got message: C:\project\performance-tests\jmeter\reports, found non empty folder with following content [C:\project\performance-tests\jmeter\reports\statistics.json], will be ignored
2025-09-05 11:30:55,528 INFO o.a.j.JMeter: Dashboard generated
